Copyright 1986-2014 Xilinx, Inc. All Rights Reserved.
--------------------------------------------------------------------------------------------------
| Tool Version : Vivado v.2014.3.1 (win64) Build 1056140 Thu Oct 30 17:03:40 MDT 2014
| Date         : Fri Oct 19 12:22:22 2018
| Host         : c4d10 running 64-bit Service Pack 1  (build 7601)
| Command      : report_control_sets -verbose -file hardware_lab1_wrapper_control_sets_placed.rpt
| Design       : hardware_lab1_wrapper
| Device       : xc7z010
--------------------------------------------------------------------------------------------------

Control Set Information

Table of Contents
-----------------
1. Summary
2. Flip-Flop Distribution
3. Detailed Control Set Information

1. Summary
----------

+-------------------------------------------------------------------+-------+
|                               Status                              | Count |
+-------------------------------------------------------------------+-------+
| Number of unique control sets                                     |    56 |
| Minimum Number of register sites lost to control set restrictions |   174 |
+-------------------------------------------------------------------+-------+


2. Flip-Flop Distribution
-------------------------

+--------------+-----------------------+------------------------+-----------------+--------------+
| Clock Enable | Synchronous Set/Reset | Asynchronous Set/Reset | Total Registers | Total Slices |
+--------------+-----------------------+------------------------+-----------------+--------------+
| No           | No                    | No                     |             171 |           59 |
| No           | No                    | Yes                    |               0 |            0 |
| No           | Yes                   | No                     |             163 |           49 |
| Yes          | No                    | No                     |             425 |          104 |
| Yes          | No                    | Yes                    |               0 |            0 |
| Yes          | Yes                   | No                     |              83 |           30 |
+--------------+-----------------------+------------------------+-----------------+--------------+


3. Detailed Control Set Information
-----------------------------------

+------------------------------------------------------+-----------------------------------------------------------------------------------------------------------------------------------------------------+------------------------------------------------------------------------------------------------------------------------------------------------+------------------+----------------+
|                     Clock Signal                     |                                                                    Enable Signal                                                                    |                                                                Set/Reset Signal                                                                | Slice Load Count | Bel Load Count |
+------------------------------------------------------+-----------------------------------------------------------------------------------------------------------------------------------------------------+------------------------------------------------------------------------------------------------------------------------------------------------+------------------+----------------+
|  hardware_lab1_i/processing_system7_0/inst/FCLK_CLK0 | hardware_lab1_i/processing_system7_0_axi_periph/s00_couplers/auto_pc/inst/gen_axilite.gen_b2s_conv.axilite_b2s/WR.b_channel_0/bid_fifo_0/bresp_push |                                                                                                                                                |                1 |              2 |
|  hardware_lab1_i/processing_system7_0/inst/FCLK_CLK0 | hardware_lab1_i/buttons/U0/AXI_LITE_IPIF_I/I_SLAVE_ATTACHMENT/I_DECODER/E[0]                                                                        | hardware_lab1_i/buttons/U0/bus2ip_reset                                                                                                        |                2 |              4 |
|  hardware_lab1_i/processing_system7_0/inst/FCLK_CLK0 |                                                                                                                                                     | hardware_lab1_i/buttons/U0/AXI_LITE_IPIF_I/I_SLAVE_ATTACHMENT/p_2_out                                                                          |                1 |              4 |
|  hardware_lab1_i/processing_system7_0/inst/FCLK_CLK0 |                                                                                                                                                     | hardware_lab1_i/buttons/U0/gpio_core_1/Read_Reg_Rst                                                                                            |                1 |              4 |
|  hardware_lab1_i/processing_system7_0/inst/FCLK_CLK0 | hardware_lab1_i/processing_system7_0_axi_periph/s00_couplers/auto_pc/inst/gen_axilite.gen_b2s_conv.axilite_b2s/RD.ar_channel_0/ar_cmd_fsm_0/O12     | hardware_lab1_i/processing_system7_0_axi_periph/s00_couplers/auto_pc/inst/gen_axilite.gen_b2s_conv.axilite_b2s/RD.ar_channel_0/ar_cmd_fsm_0/O3 |                1 |              4 |
|  hardware_lab1_i/processing_system7_0/inst/FCLK_CLK0 |                                                                                                                                                     | hardware_lab1_i/leds/U0/AXI_LITE_IPIF_I/I_SLAVE_ATTACHMENT/p_2_out                                                                             |                1 |              4 |
|  hardware_lab1_i/processing_system7_0/inst/FCLK_CLK0 |                                                                                                                                                     | hardware_lab1_i/leds/U0/gpio_core_1/Read_Reg_Rst                                                                                               |                1 |              4 |
|  hardware_lab1_i/processing_system7_0/inst/FCLK_CLK0 | hardware_lab1_i/processing_system7_0_axi_periph/s00_couplers/auto_pc/inst/gen_axilite.gen_b2s_conv.axilite_b2s/WR.aw_channel_0/aw_cmd_fsm_0/O11[0]  |                                                                                                                                                |                2 |              4 |
|  hardware_lab1_i/processing_system7_0/inst/FCLK_CLK0 | hardware_lab1_i/processing_system7_0_axi_periph/s00_couplers/auto_pc/inst/gen_axilite.gen_b2s_conv.axilite_b2s/WR.aw_channel_0/aw_cmd_fsm_0/O13     | hardware_lab1_i/processing_system7_0_axi_periph/s00_couplers/auto_pc/inst/gen_axilite.gen_b2s_conv.axilite_b2s/WR.aw_channel_0/aw_cmd_fsm_0/O1 |                1 |              4 |
|  hardware_lab1_i/processing_system7_0/inst/FCLK_CLK0 | hardware_lab1_i/processing_system7_0_axi_periph/s00_couplers/auto_pc/inst/gen_axilite.gen_b2s_conv.axilite_b2s/RD.ar_channel_0/ar_cmd_fsm_0/O14[0]  |                                                                                                                                                |                1 |              4 |
|  hardware_lab1_i/processing_system7_0/inst/FCLK_CLK0 | hardware_lab1_i/xpos/U0/AXI_LITE_IPIF_I/I_SLAVE_ATTACHMENT/I_DECODER/E[0]                                                                           | hardware_lab1_i/xpos/U0/bus2ip_reset                                                                                                           |                1 |              4 |
|  hardware_lab1_i/processing_system7_0/inst/FCLK_CLK0 | hardware_lab1_i/xpos/U0/AXI_LITE_IPIF_I/I_SLAVE_ATTACHMENT/I_DECODER/O4[0]                                                                          | hardware_lab1_i/xpos/U0/bus2ip_reset                                                                                                           |                1 |              4 |
|  hardware_lab1_i/processing_system7_0/inst/FCLK_CLK0 |                                                                                                                                                     | hardware_lab1_i/xpos/U0/AXI_LITE_IPIF_I/I_SLAVE_ATTACHMENT/p_2_out                                                                             |                1 |              4 |
|  hardware_lab1_i/processing_system7_0/inst/FCLK_CLK0 |                                                                                                                                                     | hardware_lab1_i/xpos/U0/gpio_core_1/Read_Reg_Rst                                                                                               |                1 |              4 |
|  hardware_lab1_i/processing_system7_0/inst/FCLK_CLK0 | hardware_lab1_i/xpos/U0/AXI_LITE_IPIF_I/I_SLAVE_ATTACHMENT/n_0_s_axi_rdata_i[3]_i_1                                                                 | hardware_lab1_i/xpos/U0/bus2ip_reset                                                                                                           |                2 |              4 |
|  hardware_lab1_i/processing_system7_0/inst/FCLK_CLK1 | hardware_lab1_i/VGA_SYNC_0/U0/n_0_pixel_row[9]_i_1                                                                                                  |                                                                                                                                                |                2 |              4 |
|  hardware_lab1_i/processing_system7_0/inst/FCLK_CLK0 | hardware_lab1_i/buttons/U0/AXI_LITE_IPIF_I/I_SLAVE_ATTACHMENT/n_0_s_axi_rdata_i[3]_i_1                                                              | hardware_lab1_i/buttons/U0/bus2ip_reset                                                                                                        |                3 |              4 |
|  hardware_lab1_i/processing_system7_0/inst/FCLK_CLK0 | hardware_lab1_i/leds/U0/AXI_LITE_IPIF_I/I_SLAVE_ATTACHMENT/I_DECODER/O4[0]                                                                          | hardware_lab1_i/leds/U0/bus2ip_reset                                                                                                           |                3 |              4 |
|  hardware_lab1_i/processing_system7_0/inst/FCLK_CLK0 | hardware_lab1_i/leds/U0/AXI_LITE_IPIF_I/I_SLAVE_ATTACHMENT/I_DECODER/E[0]                                                                           | hardware_lab1_i/leds/U0/bus2ip_reset                                                                                                           |                1 |              4 |
|  hardware_lab1_i/processing_system7_0/inst/FCLK_CLK0 | hardware_lab1_i/leds/U0/AXI_LITE_IPIF_I/I_SLAVE_ATTACHMENT/n_0_s_axi_rdata_i[3]_i_1                                                                 | hardware_lab1_i/leds/U0/bus2ip_reset                                                                                                           |                2 |              4 |
|  hardware_lab1_i/processing_system7_0/inst/FCLK_CLK0 | hardware_lab1_i/processing_system7_0_axi_periph/s00_couplers/auto_pc/inst/gen_axilite.gen_b2s_conv.axilite_b2s/WR.aw_channel_0/aw_cmd_fsm_0/O13     |                                                                                                                                                |                1 |              4 |
|  hardware_lab1_i/processing_system7_0/inst/FCLK_CLK0 | hardware_lab1_i/processing_system7_0_axi_periph/s00_couplers/auto_pc/inst/gen_axilite.gen_b2s_conv.axilite_b2s/RD.ar_channel_0/ar_cmd_fsm_0/O12     |                                                                                                                                                |                1 |              4 |
|  hardware_lab1_i/processing_system7_0/inst/FCLK_CLK0 |                                                                                                                                                     | hardware_lab1_i/rst_processing_system7_0_100M/U0/EXT_LPF/lpf_int                                                                               |                1 |              5 |
|  hardware_lab1_i/processing_system7_0/inst/FCLK_CLK1 | hardware_lab1_i/VGA_SYNC_0/U0/n_0_pixel_column[9]_i_1                                                                                               |                                                                                                                                                |                2 |              5 |
|  hardware_lab1_i/processing_system7_0/inst/FCLK_CLK0 | hardware_lab1_i/rst_processing_system7_0_100M/U0/SEQ/seq_cnt_en                                                                                     | hardware_lab1_i/rst_processing_system7_0_100M/U0/SEQ/SEQ_COUNTER/clear                                                                         |                1 |              6 |
|  hardware_lab1_i/processing_system7_0/inst/FCLK_CLK0 | hardware_lab1_i/processing_system7_0_axi_periph/xbar/inst/gen_sasd.crossbar_sasd_0/reg_slice_r/aa_rready                                            |                                                                                                                                                |                5 |              7 |
|  hardware_lab1_i/processing_system7_0/inst/FCLK_CLK0 | hardware_lab1_i/processing_system7_0_axi_periph/xbar/inst/gen_sasd.crossbar_sasd_0/addr_arbiter_inst/E[0]                                           |                                                                                                                                                |                4 |              7 |
|  hardware_lab1_i/processing_system7_0/inst/FCLK_CLK0 |                                                                                                                                                     | hardware_lab1_i/processing_system7_0_axi_periph/s00_couplers/auto_pc/inst/gen_axilite.gen_b2s_conv.axilite_b2s/SI_REG/ar_pipe/SR[0]            |                2 |              8 |
|  hardware_lab1_i/processing_system7_0/inst/FCLK_CLK0 | hardware_lab1_i/processing_system7_0_axi_periph/s00_couplers/auto_pc/inst/gen_axilite.gen_b2s_conv.axilite_b2s/WR.b_channel_0/mhandshake_r          | hardware_lab1_i/processing_system7_0_axi_periph/s00_couplers/auto_pc/inst/gen_axilite.gen_b2s_conv.axilite_b2s/WR.b_channel_0/bid_fifo_0/SR[0] |                2 |              8 |
|  hardware_lab1_i/processing_system7_0/inst/FCLK_CLK0 |                                                                                                                                                     | hardware_lab1_i/buttons/U0/bus2ip_reset                                                                                                        |                3 |             10 |
|  hardware_lab1_i/processing_system7_0/inst/FCLK_CLK0 |                                                                                                                                                     | hardware_lab1_i/leds/U0/bus2ip_reset                                                                                                           |                3 |             10 |
|  hardware_lab1_i/processing_system7_0/inst/FCLK_CLK0 |                                                                                                                                                     | hardware_lab1_i/xpos/U0/bus2ip_reset                                                                                                           |                4 |             10 |
|  hardware_lab1_i/processing_system7_0/inst/FCLK_CLK1 |                                                                                                                                                     | hardware_lab1_i/VGA_SYNC_0/U0/clear                                                                                                            |                3 |             10 |
|  hardware_lab1_i/processing_system7_0/inst/FCLK_CLK1 | hardware_lab1_i/VGA_SYNC_0/U0/sel                                                                                                                   | hardware_lab1_i/VGA_SYNC_0/U0/v_count0                                                                                                         |                3 |             10 |
|  hardware_lab1_i/processing_system7_0/inst/FCLK_CLK0 | hardware_lab1_i/processing_system7_0_axi_periph/s00_couplers/auto_pc/inst/gen_axilite.gen_b2s_conv.axilite_b2s/RD.ar_channel_0/ar_cmd_fsm_0/O16     |                                                                                                                                                |                3 |             12 |
|  hardware_lab1_i/processing_system7_0/inst/FCLK_CLK0 | hardware_lab1_i/processing_system7_0_axi_periph/s00_couplers/auto_pc/inst/gen_axilite.gen_b2s_conv.axilite_b2s/RD.ar_channel_0/ar_cmd_fsm_0/E[0]    |                                                                                                                                                |                5 |             12 |
|  hardware_lab1_i/processing_system7_0/inst/FCLK_CLK0 | hardware_lab1_i/processing_system7_0_axi_periph/s00_couplers/auto_pc/inst/gen_axilite.gen_b2s_conv.axilite_b2s/RD.ar_channel_0/ar_cmd_fsm_0/O13[0]  |                                                                                                                                                |                4 |             12 |
|  hardware_lab1_i/processing_system7_0/inst/FCLK_CLK0 | hardware_lab1_i/processing_system7_0_axi_periph/s00_couplers/auto_pc/inst/gen_axilite.gen_b2s_conv.axilite_b2s/WR.aw_channel_0/aw_cmd_fsm_0/O14     |                                                                                                                                                |                3 |             12 |
|  hardware_lab1_i/processing_system7_0/inst/FCLK_CLK0 | hardware_lab1_i/processing_system7_0_axi_periph/s00_couplers/auto_pc/inst/gen_axilite.gen_b2s_conv.axilite_b2s/WR.aw_channel_0/aw_cmd_fsm_0/O12[0]  |                                                                                                                                                |                4 |             12 |
|  hardware_lab1_i/processing_system7_0/inst/FCLK_CLK0 | hardware_lab1_i/processing_system7_0_axi_periph/s00_couplers/auto_pc/inst/gen_axilite.gen_b2s_conv.axilite_b2s/WR.aw_channel_0/aw_cmd_fsm_0/E[0]    |                                                                                                                                                |                5 |             12 |
|  hardware_lab1_i/processing_system7_0/inst/FCLK_CLK1 |                                                                                                                                                     |                                                                                                                                                |                6 |             12 |
|  hardware_lab1_i/processing_system7_0/inst/FCLK_CLK0 |                                                                                                                                                     | hardware_lab1_i/processing_system7_0_axi_periph/xbar/inst/gen_sasd.crossbar_sasd_0/addr_arbiter_inst/SR[0]                                     |                6 |             13 |
|  hardware_lab1_i/processing_system7_0/inst/FCLK_CLK0 | hardware_lab1_i/processing_system7_0_axi_periph/s00_couplers/auto_pc/inst/gen_axilite.gen_b2s_conv.axilite_b2s/RD.r_channel_0/r_push_r              |                                                                                                                                                |                4 |             13 |
|  hardware_lab1_i/processing_system7_0/inst/FCLK_CLK0 | hardware_lab1_i/processing_system7_0_axi_periph/s00_couplers/auto_pc/inst/gen_axilite.gen_b2s_conv.axilite_b2s/SI_REG/b_pipe/O2                     |                                                                                                                                                |                4 |             14 |
|  hardware_lab1_i/processing_system7_0/inst/FCLK_CLK0 | hardware_lab1_i/processing_system7_0_axi_periph/s00_couplers/auto_pc/inst/gen_axilite.gen_b2s_conv.axilite_b2s/SI_REG/b_pipe/p_1_in                 |                                                                                                                                                |                4 |             14 |
|  hardware_lab1_i/processing_system7_0/inst/FCLK_CLK0 | hardware_lab1_i/processing_system7_0_axi_periph/xbar/inst/gen_sasd.crossbar_sasd_0/addr_arbiter_inst/p_0_in1_in                                     | hardware_lab1_i/processing_system7_0_axi_periph/xbar/inst/gen_sasd.crossbar_sasd_0/addr_arbiter_inst/SR[0]                                     |                7 |             19 |
|  hardware_lab1_i/processing_system7_0/inst/FCLK_CLK0 | hardware_lab1_i/processing_system7_0_axi_periph/s00_couplers/auto_pc/inst/gen_axilite.gen_b2s_conv.axilite_b2s/WR.aw_channel_0/aw_cmd_fsm_0/O2      |                                                                                                                                                |                4 |             20 |
|  hardware_lab1_i/processing_system7_0/inst/FCLK_CLK0 | hardware_lab1_i/processing_system7_0_axi_periph/s00_couplers/auto_pc/inst/gen_axilite.gen_b2s_conv.axilite_b2s/RD.r_channel_0/rd_data_fifo_0/wr_en0 |                                                                                                                                                |                9 |             34 |
|  hardware_lab1_i/processing_system7_0/inst/FCLK_CLK0 | hardware_lab1_i/processing_system7_0_axi_periph/s00_couplers/auto_pc/inst/gen_axilite.gen_b2s_conv.axilite_b2s/SI_REG/r_pipe/O2                     |                                                                                                                                                |                7 |             47 |
|  hardware_lab1_i/processing_system7_0/inst/FCLK_CLK0 | hardware_lab1_i/processing_system7_0_axi_periph/s00_couplers/auto_pc/inst/gen_axilite.gen_b2s_conv.axilite_b2s/SI_REG/r_pipe/p_1_in                 |                                                                                                                                                |                7 |             47 |
|  hardware_lab1_i/processing_system7_0/inst/FCLK_CLK0 | hardware_lab1_i/processing_system7_0_axi_periph/s00_couplers/auto_pc/inst/gen_axilite.gen_b2s_conv.axilite_b2s/RD.ar_channel_0/ar_cmd_fsm_0/O17[0]  |                                                                                                                                                |               11 |             48 |
|  hardware_lab1_i/processing_system7_0/inst/FCLK_CLK0 | hardware_lab1_i/processing_system7_0_axi_periph/s00_couplers/auto_pc/inst/gen_axilite.gen_b2s_conv.axilite_b2s/SI_REG/ar_pipe/O2                    |                                                                                                                                                |               11 |             48 |
|  hardware_lab1_i/processing_system7_0/inst/FCLK_CLK0 | hardware_lab1_i/processing_system7_0_axi_periph/s00_couplers/auto_pc/inst/gen_axilite.gen_b2s_conv.axilite_b2s/SI_REG/aw_pipe/O2                    |                                                                                                                                                |                9 |             48 |
|  hardware_lab1_i/processing_system7_0/inst/FCLK_CLK0 | hardware_lab1_i/processing_system7_0_axi_periph/s00_couplers/auto_pc/inst/gen_axilite.gen_b2s_conv.axilite_b2s/WR.aw_channel_0/aw_cmd_fsm_0/O15[0]  |                                                                                                                                                |                9 |             48 |
|  hardware_lab1_i/processing_system7_0/inst/FCLK_CLK0 |                                                                                                                                                     | hardware_lab1_i/processing_system7_0_axi_periph/s00_couplers/auto_pc/inst/gen_axilite.gen_b2s_conv.axilite_b2s/areset_d1                       |               21 |             73 |
|  hardware_lab1_i/processing_system7_0/inst/FCLK_CLK0 |                                                                                                                                                     |                                                                                                                                                |               54 |            160 |
+------------------------------------------------------+-----------------------------------------------------------------------------------------------------------------------------------------------------+------------------------------------------------------------------------------------------------------------------------------------------------+------------------+----------------+


