#-----------------------------------------------------------
# Webtalk v2014.3.1 (64-bit)
# SW Build 1056140 on Thu Oct 30 17:07:39 MDT 2014
# 
# Start of session at: Thu Sep 20 11:33:44 2018
# Process ID: 3784
# Log file: C:/Users/erick.medina/Documents/ESDC/LAB0/lab0/lab0.sdk/webtalk/webtalk.log
# Journal file: C:/Users/erick.medina/Documents/ESDC/LAB0/lab0/lab0.sdk/webtalk\webtalk.jou
#-----------------------------------------------------------
WARNING: [Common 17-204] Your XILINX environment variable is undefined. You will not be able to run Synthesis and Implementation using ISE based strategies, or import ngc netlists. Please set up your XILINX environment to get full functionality.
source sdk_webtalk.tcl
# webtalk_init -webtalk_dir C:\\Users\\erick.medina\\Documents\\ESDC\\LAB0\\lab0\\lab0.sdk\\webtalk
# webtalk_register_client -client project
# webtalk_add_data -client project -key date_generated -value "jue sep 20 11:33:41 2018" -context "software_version_and_target_device"
# webtalk_add_data -client project -key product_version -value "SDK v2014.3" -context "software_version_and_target_device"
# webtalk_add_data -client project -key build_version -value "2014.3" -context "software_version_and_target_device"
# webtalk_add_data -client project -key os_platform -value "amd64" -context "software_version_and_target_device"
# webtalk_add_data -client project -key registration_id -value "" -context "software_version_and_target_device"
# webtalk_add_data -client project -key tool_flow -value "SDK" -context "software_version_and_target_device"
# webtalk_add_data -client project -key beta -value "false" -context "software_version_and_target_device"
# webtalk_add_data -client project -key route_design -value "NA" -context "software_version_and_target_device"
# webtalk_add_data -client project -key target_family -value "NA" -context "software_version_and_target_device"
# webtalk_add_data -client project -key target_device -value "NA" -context "software_version_and_target_device"
# webtalk_add_data -client project -key target_package -value "NA" -context "software_version_and_target_device"
# webtalk_add_data -client project -key target_speed -value "NA" -context "software_version_and_target_device"
# webtalk_add_data -client project -key random_id -value "e5r410qevvkcvq1k41qsnq9mqt" -context "software_version_and_target_device"
# webtalk_add_data -client project -key project_id -value "2014.3_1" -context "software_version_and_target_device"
# webtalk_add_data -client project -key project_iteration -value "1" -context "software_version_and_target_device"
# webtalk_add_data -client project -key os_name -value "" -context "user_environment"
# webtalk_add_data -client project -key os_release -value "" -context "user_environment"
# webtalk_add_data -client project -key cpu_name -value "" -context "user_environment"
# webtalk_add_data -client project -key cpu_speed -value "" -context "user_environment"
# webtalk_add_data -client project -key total_processors -value "" -context "user_environment"
# webtalk_add_data -client project -key system_ram -value "" -context "user_environment"
# webtalk_register_client -client sdk
# webtalk_add_data -client sdk -key uid -value "1537434082863" -context "sdk\\\\hardware/1537434082863"
# webtalk_add_data -client sdk -key isZynq -value "true" -context "sdk\\\\hardware/1537434082863"
# webtalk_add_data -client sdk -key Processors -value "2" -context "sdk\\\\hardware/1537434082863"
# webtalk_add_data -client sdk -key VivadoVersion -value "2014.3.1" -context "sdk\\\\hardware/1537434082863"
# webtalk_add_data -client sdk -key Arch -value "zynq" -context "sdk\\\\hardware/1537434082863"
# webtalk_add_data -client sdk -key Device -value "7z010" -context "sdk\\\\hardware/1537434082863"
# webtalk_add_data -client sdk -key IsHandoff -value "true" -context "sdk\\\\hardware/1537434082863"
# webtalk_add_data -client sdk -key uid -value "1537434349909" -context "sdk\\\\bsp/1537434349909"
# webtalk_add_data -client sdk -key hwid -value "1537434082863" -context "sdk\\\\bsp/1537434349909"
# webtalk_add_data -client sdk -key os -value "standalone" -context "sdk\\\\bsp/1537434349909"
# webtalk_add_data -client sdk -key apptemplate -value "hello_world" -context "sdk\\\\bsp/1537434349909"
# webtalk_add_data -client sdk -key uid -value "1537434360952" -context "sdk\\\\application/1537434360952"
# webtalk_add_data -client sdk -key hwid -value "1537434082863" -context "sdk\\\\application/1537434360952"
# webtalk_add_data -client sdk -key bspid -value "1537434349909" -context "sdk\\\\application/1537434360952"
# webtalk_add_data -client sdk -key newbsp -value "true" -context "sdk\\\\application/1537434360952"
# webtalk_add_data -client sdk -key os -value "standalone" -context "sdk\\\\application/1537434360952"
# webtalk_add_data -client sdk -key apptemplate -value "hello_world" -context "sdk\\\\application/1537434360952"
# webtalk_transmit -clientid 3837253070 -regid "" -xml C:\\Users\\erick.medina\\Documents\\ESDC\\LAB0\\lab0\\lab0.sdk\\webtalk\\usage_statistics_ext_sdk.xml -html C:\\Users\\erick.medina\\Documents\\ESDC\\LAB0\\lab0\\lab0.sdk\\webtalk\\usage_statistics_ext_sdk.html -wdm C:\\Users\\erick.medina\\Documents\\ESDC\\LAB0\\lab0\\lab0.sdk\\webtalk\\sdk_webtalk.wdm -intro "<H3>SDK Usage Report</H3><BR>"
INFO: [Common 17-186] 'C:\Users\erick.medina\Documents\ESDC\LAB0\lab0\lab0.sdk\webtalk\usage_statistics_ext_sdk.xml' has been successfully sent to Xilinx on Thu Sep 20 11:33:51 2018. For additional details about this file, please refer to the WebTalk help file at /doc/webtalk_introduction.html.
# webtalk_terminate
INFO: [Common 17-206] Exiting Webtalk at Thu Sep 20 11:33:51 2018...
