11:00:44 INFO  : Processing command line option -hwspec C:/Users/erick.medina/Documents/ESDC/LAB0/lab0/lab0.sdk/hardware_lab0_wrapper.hdf.
11:00:55 INFO  : Launching XSDB server: xsdb.bat -s C:/Xilinx/SDK/2014.3.1/scripts/xsdb/xsdb/xsdb-server.tcl 2450
11:23:28 ERROR : FPGA Configuration failed.Connection to Board Failed


    Unknown Error Occured
    Cable is not connected to the host

11:24:37 ERROR : FPGA Configuration failed.Connection to Board Failed


    Unknown Error Occured
    Cable is not connected to the host

11:25:03 ERROR : FPGA Configuration failed.Connection to Board Failed


    Unknown Error Occured
    Cable is not connected to the host

11:28:23 ERROR : FPGA Configuration failed.Connection to Board Failed


    Unknown Error Occured
    Cable is not connected to the host

11:29:17 ERROR : FPGA Configuration failed.Connection to Board Failed


    Unknown Error Occured
    Cable is not connected to the host

11:29:56 ERROR : FPGA Configuration failed.Connection to Board Failed


    Unknown Error Occured
    Cable is not connected to the host

11:31:48 ERROR : FPGA Configuration failed.Connection to Board Failed


    Unknown Error Occured
    Cable is not connected to the host

11:33:20 ERROR : FPGA Configuration failed.Connection to Board Failed


    Unknown Error Occured
    Cable is not connected to the host

11:33:43 ERROR : Unexpected error while parsing XMD response ?: com.google.gson.JsonSyntaxException: com.google.gson.stream.MalformedJsonException: invalid number or unquoted string near 
11:35:19 INFO  : Launching XSDB server: xsdb.bat -s C:/Xilinx/SDK/2014.3.1/scripts/xsdb/xsdb/xsdb-server.tcl 2450
11:35:29 ERROR : FPGA Configuration failed.Connection to Board Failed


    Unknown Error Occured
    Cable is not connected to the host

11:35:54 ERROR : Unexpected error while parsing XMD response ?: com.google.gson.JsonSyntaxException: com.google.gson.stream.MalformedJsonException: invalid number or unquoted string near 
11:37:17 INFO  : Launching XSDB server: xsdb.bat -s C:/Xilinx/SDK/2014.3.1/scripts/xsdb/xsdb/xsdb-server.tcl 2450
11:37:27 INFO  : FPGA configured successfully with bitstream "C:/Users/erick.medina/Documents/ESDC/LAB0/lab0/lab0.sdk/hardware_lab0_wrapper_hw_platform_0/hardware_lab0_wrapper.bit"
11:39:14 INFO  : ps7_init is completed.
11:39:14 INFO  : ps7_post_config is completed.
11:39:14 INFO  : Processor reset is completed for ps7_cortexa9_0
12:11:40 INFO  : ps7_cortexa9_0 Processor is in use. Please stop existing Run or Debug sessions before launching.
12:11:44 INFO  : Processor reset is completed for ps7_cortexa9_0
12:15:04 INFO  : ps7_cortexa9_0 Processor is in use. Please stop existing Run or Debug sessions before launching.
12:15:06 INFO  : Processor reset is completed for ps7_cortexa9_0
12:16:37 INFO  : ps7_cortexa9_0 Processor is in use. Please stop existing Run or Debug sessions before launching.
12:16:39 INFO  : Processor reset is completed for ps7_cortexa9_0
12:17:23 INFO  : ps7_cortexa9_0 Processor is in use. Please stop existing Run or Debug sessions before launching.
12:17:25 INFO  : Processor reset is completed for ps7_cortexa9_0
12:18:16 INFO  : ps7_cortexa9_0 Processor is in use. Please stop existing Run or Debug sessions before launching.
12:18:18 INFO  : Processor reset is completed for ps7_cortexa9_0
12:18:50 INFO  : ps7_cortexa9_0 Processor is in use. Please stop existing Run or Debug sessions before launching.
12:18:52 INFO  : Processor reset is completed for ps7_cortexa9_0
12:19:54 ERROR : Unexpected error while launching program.
java.lang.RuntimeException: The program file specified in the launch configuration does not exist
	at com.xilinx.sdk.debug.core.XilinxAppLaunchConfigurationDelegate.runApplication(XilinxAppLaunchConfigurationDelegate.java:469)
	at com.xilinx.sdk.debug.core.XilinxAppLaunchConfigurationDelegate.launch(XilinxAppLaunchConfigurationDelegate.java:254)
	at com.xilinx.sdk.debug.ui.XilinxAppLaunchDelegateWrapper.launch(XilinxAppLaunchDelegateWrapper.java:31)
	at org.eclipse.debug.internal.core.LaunchConfiguration.launch(LaunchConfiguration.java:858)
	at org.eclipse.debug.internal.core.LaunchConfiguration.launch(LaunchConfiguration.java:707)
	at org.eclipse.debug.internal.ui.DebugUIPlugin.buildAndLaunch(DebugUIPlugin.java:1018)
	at org.eclipse.debug.internal.ui.DebugUIPlugin$8.run(DebugUIPlugin.java:1222)
	at org.eclipse.core.internal.jobs.Worker.run(Worker.java:53)
12:20:27 INFO  : Processor reset is completed for ps7_cortexa9_0
12:20:31 INFO  : ps7_cortexa9_0 Processor is in use. Please stop existing Run or Debug sessions before launching.
12:20:33 INFO  : Processor reset is completed for ps7_cortexa9_0
12:20:53 INFO  : ps7_cortexa9_0 Processor is in use. Please stop existing Run or Debug sessions before launching.
12:20:55 INFO  : Processor reset is completed for ps7_cortexa9_0
12:21:13 INFO  : ps7_cortexa9_0 Processor is in use. Please stop existing Run or Debug sessions before launching.
12:21:15 INFO  : Processor reset is completed for ps7_cortexa9_0
12:23:01 INFO  : ps7_cortexa9_0 Processor is in use. Please stop existing Run or Debug sessions before launching.
12:23:03 INFO  : Processor reset is completed for ps7_cortexa9_0
12:24:10 INFO  : ps7_cortexa9_0 Processor is in use. Please stop existing Run or Debug sessions before launching.
12:24:11 INFO  : Processor reset is completed for ps7_cortexa9_0
12:25:18 INFO  : ps7_cortexa9_0 Processor is in use. Please stop existing Run or Debug sessions before launching.
12:25:19 INFO  : Processor reset is completed for ps7_cortexa9_0
12:26:43 ERROR : Unable to disconnect from existing targets
java.lang.NullPointerException
	at com.xilinx.sdk.targetmanager.internal.json.XMDJSONProcess.issueCommand(XMDJSONProcess.java:144)
	at com.xilinx.sdk.targetmanager.internal.TM.disconnectTarget(TM.java:324)
	at com.xilinx.sdk.targetmanager.internal.TM.disconnectExistingTargets(TM.java:306)
	at com.xilinx.sdk.targetmanager.internal.TM.terminate(TM.java:210)
	at com.xilinx.sdk.targetmanager.TMPlugin.stop(TMPlugin.java:58)
	at org.eclipse.osgi.framework.internal.core.BundleContextImpl$2.run(BundleContextImpl.java:771)
	at java.security.AccessController.doPrivileged(Native Method)
	at org.eclipse.osgi.framework.internal.core.BundleContextImpl.stop(BundleContextImpl.java:764)
	at org.eclipse.osgi.framework.internal.core.BundleHost.stopWorker(BundleHost.java:510)
	at org.eclipse.osgi.framework.internal.core.AbstractBundle.suspend(AbstractBundle.java:566)
	at org.eclipse.osgi.framework.internal.core.Framework.suspendBundle(Framework.java:1206)
	at org.eclipse.osgi.framework.internal.core.StartLevelManager.decFWSL(StartLevelManager.java:592)
	at org.eclipse.osgi.framework.internal.core.StartLevelManager.doSetStartLevel(StartLevelManager.java:257)
	at org.eclipse.osgi.framework.internal.core.StartLevelManager.shutdown(StartLevelManager.java:215)
	at org.eclipse.osgi.framework.internal.core.InternalSystemBundle.suspend(InternalSystemBundle.java:284)
	at org.eclipse.osgi.framework.internal.core.Framework.shutdown(Framework.java:692)
	at org.eclipse.osgi.framework.internal.core.Framework.close(Framework.java:600)
	at org.eclipse.core.runtime.adaptor.EclipseStarter.shutdown(EclipseStarter.java:400)
	at org.eclipse.core.runtime.adaptor.EclipseStarter.run(EclipseStarter.java:200)
	at sun.reflect.NativeMethodAccessorImpl.invoke0(Native Method)
	at sun.reflect.NativeMethodAccessorImpl.invoke(Unknown Source)
	at sun.reflect.DelegatingMethodAccessorImpl.invoke(Unknown Source)
	at java.lang.reflect.Method.invoke(Unknown Source)
	at org.eclipse.equinox.launcher.Main.invokeFramework(Main.java:636)
	at org.eclipse.equinox.launcher.Main.basicRun(Main.java:591)
	at org.eclipse.equinox.launcher.Main.run(Main.java:1450)
12:26:43 ERROR : Unexpected error while parsing XMD response ?: com.google.gson.JsonSyntaxException: com.google.gson.stream.MalformedJsonException: invalid number or unquoted string near 
11:16:44 INFO  : Launching XSDB server: xsdb.bat -s C:/Xilinx/SDK/2014.3.1/scripts/xsdb/xsdb/xsdb-server.tcl 2450
